<?xml version="1.0" encoding="UTF-8"?>
<!-- Generated by org.testng.reporters.JUnitReportReporter -->
<testsuite skipped="0" hostname="DESKTOP-K39V5AS" name="com.selenium.demo.Demo" tests="1" failures="0" timestamp="01 Nov 2017 06:39:21 GMT" time="64.299" errors="0">
  <testcase name="openURL" time="64.299" classname="com.selenium.demo.Demo"/>
</testsuite> <!-- com.selenium.demo.Demo -->
